0 info it worked if it ends with ok
1 verbose cli [ 'C:\\Program Files\\nodejs\\node.exe',
1 verbose cli   'C:\\Program Files\\nodejs\\node_modules\\npm\\bin\\npm-cli.js',
1 verbose cli   'run',
1 verbose cli   'build' ]
2 info using npm@3.10.10
3 info using node@v6.11.1
4 verbose run-script [ 'prebuild', 'build', 'postbuild' ]
5 info lifecycle manon-mapbox@1.0.0~prebuild: manon-mapbox@1.0.0
6 silly lifecycle manon-mapbox@1.0.0~prebuild: no script for prebuild, continuing
7 info lifecycle manon-mapbox@1.0.0~build: manon-mapbox@1.0.0
8 verbose lifecycle manon-mapbox@1.0.0~build: unsafe-perm in lifecycle true
9 verbose lifecycle manon-mapbox@1.0.0~build: PATH: C:\Users\Agathe\AppData\Roaming\nvm\v6.11.1\node_modules\npm\bin\node-gyp-bin;D:\Agathe\Code\manon-mapbox\node_modules\.bin;C:\ProgramData\Oracle\Java\javapath;C:\Program Files (x86)\Intel\iCLS Client\;C:\Program Files\Intel\iCLS Client\;C:\Windows\system32;C:\Windows;C:\Windows\System32\Wbem;C:\Windows\System32\WindowsPowerShell\v1.0\;C:\Program Files (x86)\NVIDIA Corporation\PhysX\Common;C:\Program Files (x86)\Intel\Intel(R) Management Engine Components\DAL;C:\Program Files\Intel\Intel(R) Management Engine Components\DAL;C:\Program Files (x86)\Intel\Intel(R) Management Engine Components\IPT;C:\Program Files\Intel\Intel(R) Management Engine Components\IPT;C:\WINDOWS\system32;C:\WINDOWS;C:\WINDOWS\System32\Wbem;C:\WINDOWS\System32\WindowsPowerShell\v1.0\;C:\Program Files\Intel\WiFi\bin\;C:\Program Files\Common Files\Intel\WirelessCommon\;c:\Python27;C:\Program Files\Git\cmd;%NVM_HOME%;%NVM_SYMLINK%;C:\WINDOWS\System32\OpenSSH\;C:\Ruby25-x64\bin;C:\RailsInstaller\Ruby2.3.0\bin;C:\ProgramData\Oracle\Java\javapath;C:\Program Files (x86)\Intel\iCLS Client\;C:\Program Files\Intel\iCLS Client\;C:\Windows\system32;C:\Windows;C:\Windows\System32\Wbem;C:\Windows\System32\WindowsPowerShell\v1.0\;C:\Program Files (x86)\NVIDIA Corporation\PhysX\Common;C:\Program Files (x86)\Intel\Intel(R) Management Engine Components\DAL;C:\Program Files\Intel\Intel(R) Management Engine Components\DAL;C:\Program Files (x86)\Intel\Intel(R) Management Engine Components\IPT;C:\Program Files\Intel\Intel(R) Management Engine Components\IPT;C:\WINDOWS\system32;C:\WINDOWS;C:\WINDOWS\System32\Wbem;C:\WINDOWS\System32\WindowsPowerShell\v1.0\;C:\Program Files\Intel\WiFi\bin\;C:\Program Files\Common Files\Intel\WirelessCommon\;c:\Python27;C:\Program Files\Git\cmd;C:\Users\Agathe\AppData\Roaming\nvm;C:\Program Files\nodejs;C:\Ruby23-x64\bin;C:\Users\Agathe\AppData\Local\atom\bin;C:\Users\Agathe\AppData\Local\Microsoft\WindowsApps;C:\Users\Agathe\AppData\Local\GitHubDesktop\bin;C:\Program Files\Git\bin;C:\Users\Agathe\AppData\Roaming\nvm;C:\Program Files\nodejs;c:\Users\Me\AppData\Roaming\npm\;C:\Users\Agathe\AppData\Local\Microsoft\WindowsApps;C:\Users\Agathe\AppData\Local\Programs\Microsoft VS Code\bin;C:\Program Files\PostgreSQL\11\bin
10 verbose lifecycle manon-mapbox@1.0.0~build: CWD: D:\Agathe\Code\manon-mapbox
11 silly lifecycle manon-mapbox@1.0.0~build: Args: [ '/d /s /c', 'webpack -p --config webpack.config.js' ]
12 silly lifecycle manon-mapbox@1.0.0~build: Returned: code: 2  signal: null
13 info lifecycle manon-mapbox@1.0.0~build: Failed to exec build script
14 verbose stack Error: manon-mapbox@1.0.0 build: `webpack -p --config webpack.config.js`
14 verbose stack Exit status 2
14 verbose stack     at EventEmitter.<anonymous> (C:\Users\Agathe\AppData\Roaming\nvm\v6.11.1\node_modules\npm\lib\utils\lifecycle.js:255:16)
14 verbose stack     at emitTwo (events.js:106:13)
14 verbose stack     at EventEmitter.emit (events.js:191:7)
14 verbose stack     at ChildProcess.<anonymous> (C:\Users\Agathe\AppData\Roaming\nvm\v6.11.1\node_modules\npm\lib\utils\spawn.js:40:14)
14 verbose stack     at emitTwo (events.js:106:13)
14 verbose stack     at ChildProcess.emit (events.js:191:7)
14 verbose stack     at maybeClose (internal/child_process.js:891:16)
14 verbose stack     at Process.ChildProcess._handle.onexit (internal/child_process.js:226:5)
15 verbose pkgid manon-mapbox@1.0.0
16 verbose cwd D:\Agathe\Code\manon-mapbox
17 error Windows_NT 10.0.17134
18 error argv "C:\\Program Files\\nodejs\\node.exe" "C:\\Program Files\\nodejs\\node_modules\\npm\\bin\\npm-cli.js" "run" "build"
19 error node v6.11.1
20 error npm  v3.10.10
21 error code ELIFECYCLE
22 error manon-mapbox@1.0.0 build: `webpack -p --config webpack.config.js`
22 error Exit status 2
23 error Failed at the manon-mapbox@1.0.0 build script 'webpack -p --config webpack.config.js'.
23 error Make sure you have the latest version of node.js and npm installed.
23 error If you do, this is most likely a problem with the manon-mapbox package,
23 error not with npm itself.
23 error Tell the author that this fails on your system:
23 error     webpack -p --config webpack.config.js
23 error You can get information on how to open an issue for this project with:
23 error     npm bugs manon-mapbox
23 error Or if that isn't available, you can get their info via:
23 error     npm owner ls manon-mapbox
23 error There is likely additional logging output above.
24 verbose exit [ 1, true ]
